[C:Usersarvineclipse-workspaceApppiumAutomationFrameworkLogsemulator-5554_pixel_8 INFO ] 2024-07-23 22:32:26.654 LoginTests:40 - *****************Starting invalidPassword test**********************
[C:Usersarvineclipse-workspaceApppiumAutomationFrameworkLogsemulator-5554_pixel_8 INFO ] 2024-07-23 22:32:26.663 BasePage:44 - Entering the username
[C:Usersarvineclipse-workspaceApppiumAutomationFrameworkLogsemulator-5554_pixel_8 INFO ] 2024-07-23 22:32:31.477 BasePage:44 - Entering the pasword
[C:Usersarvineclipse-workspaceApppiumAutomationFrameworkLogsemulator-5554_pixel_8 INFO ] 2024-07-23 22:32:32.548 BasePage:37 - Clicking on Login Button
[C:Usersarvineclipse-workspaceApppiumAutomationFrameworkLogsemulator-5554_pixel_8 INFO ] 2024-07-23 22:32:35.737 BasePage:66 - Performing Assertion
[C:Usersarvineclipse-workspaceApppiumAutomationFrameworkLogsemulator-5554_pixel_8 INFO ] 2024-07-23 22:32:38.734 LoginTests:24 - *****************Starting invalidUsername test**********************
[C:Usersarvineclipse-workspaceApppiumAutomationFrameworkLogsemulator-5554_pixel_8 INFO ] 2024-07-23 22:32:38.736 BasePage:44 - Entering the username
[C:Usersarvineclipse-workspaceApppiumAutomationFrameworkLogsemulator-5554_pixel_8 INFO ] 2024-07-23 22:32:41.619 BasePage:44 - Entering the pasword
[C:Usersarvineclipse-workspaceApppiumAutomationFrameworkLogsemulator-5554_pixel_8 INFO ] 2024-07-23 22:32:42.672 BasePage:37 - Clicking on Login Button
[C:Usersarvineclipse-workspaceApppiumAutomationFrameworkLogsemulator-5554_pixel_8 INFO ] 2024-07-23 22:32:44.411 BasePage:66 - Performing Assertion
[C:Usersarvineclipse-workspaceApppiumAutomationFrameworkLogsemulator-5554_pixel_8 INFO ] 2024-07-23 22:32:47.011 LoginTests:58 - *****************Starting validCredentials test**********************
[C:Usersarvineclipse-workspaceApppiumAutomationFrameworkLogsemulator-5554_pixel_8 INFO ] 2024-07-23 22:32:47.013 BasePage:44 - Entering the username
[C:Usersarvineclipse-workspaceApppiumAutomationFrameworkLogsemulator-5554_pixel_8 INFO ] 2024-07-23 22:32:48.739 BasePage:44 - Entering the pasword
[C:Usersarvineclipse-workspaceApppiumAutomationFrameworkLogsemulator-5554_pixel_8 INFO ] 2024-07-23 22:32:49.391 BasePage:37 - Clicking on Login Button
[C:Usersarvineclipse-workspaceApppiumAutomationFrameworkLogsemulator-5554_pixel_8 INFO ] 2024-07-23 22:32:51.505 BasePage:66 - Performing Assertion
[C:Usersarvineclipse-workspaceApppiumAutomationFrameworkLogsemulator-5554_pixel_8 INFO ] 2024-07-23 22:32:51.505 BasePage:37 - Clicking on Hamburger
[C:Usersarvineclipse-workspaceApppiumAutomationFrameworkLogsemulator-5554_pixel_8 INFO ] 2024-07-23 22:32:51.718 BasePage:37 - Clicking on Logout Button
[C:Usersarvineclipse-workspaceApppiumAutomationFrameworkLogsemulator-5554_pixel_8 INFO ] 2024-07-23 22:32:57.739 ProductTests:43 - *****************Starting validateProductonProductDetailsPage test**********************
[C:Usersarvineclipse-workspaceApppiumAutomationFrameworkLogsemulator-5554_pixel_8 INFO ] 2024-07-23 22:32:58.115 BasePage:66 - Performing Assertion
[C:Usersarvineclipse-workspaceApppiumAutomationFrameworkLogsemulator-5554_pixel_8 ERROR] 2024-07-23 22:33:19.954 ProductTests:51 - Test validateProductonProductDetailsPage failed
[C:Usersarvineclipse-workspaceApppiumAutomationFrameworkLogsemulator-5554_pixel_8 INFO ] 2024-07-23 22:33:23.132 ProductTests:24 - *****************Starting validateProductonProductsPage test**********************
[C:Usersarvineclipse-workspaceApppiumAutomationFrameworkLogsemulator-5554_pixel_8 INFO ] 2024-07-23 22:33:24.268 BasePage:66 - Performing Assertion
[C:Usersarvineclipse-workspaceApppiumAutomationFrameworkLogsemulator-5554_pixel_8 INFO ] 2024-07-23 22:33:24.981 BasePage:66 - Performing Assertion
[C:Usersarvineclipse-workspaceApppiumAutomationFrameworkLogsemulator-5554_pixel_8 INFO ] 2024-07-23 22:33:24.981 BasePage:37 - Clicking on Hamburger
[C:Usersarvineclipse-workspaceApppiumAutomationFrameworkLogsemulator-5554_pixel_8 INFO ] 2024-07-23 22:33:25.214 BasePage:37 - Clicking on Logout Button
[C:Usersarvineclipse-workspaceApppiumAutomationFrameworkLogsemulator-5554_pixel_8 INFO ] 2024-07-23 23:22:17.223 LoginTests:40 - *****************Starting invalidPassword test**********************
[C:Usersarvineclipse-workspaceApppiumAutomationFrameworkLogsemulator-5554_pixel_8 INFO ] 2024-07-23 23:22:17.229 BasePage:44 - Entering the username
[C:Usersarvineclipse-workspaceApppiumAutomationFrameworkLogsemulator-5554_pixel_8 INFO ] 2024-07-23 23:22:23.040 BasePage:44 - Entering the pasword
[C:Usersarvineclipse-workspaceApppiumAutomationFrameworkLogsemulator-5554_pixel_8 INFO ] 2024-07-23 23:22:24.058 BasePage:37 - Clicking on Login Button
[C:Usersarvineclipse-workspaceApppiumAutomationFrameworkLogsemulator-5554_pixel_8 INFO ] 2024-07-23 23:22:26.734 BasePage:66 - Performing Assertion
[C:Usersarvineclipse-workspaceApppiumAutomationFrameworkLogsemulator-5554_pixel_8 INFO ] 2024-07-23 23:22:29.549 LoginTests:24 - *****************Starting invalidUsername test**********************
[C:Usersarvineclipse-workspaceApppiumAutomationFrameworkLogsemulator-5554_pixel_8 INFO ] 2024-07-23 23:22:29.554 BasePage:44 - Entering the username
[C:Usersarvineclipse-workspaceApppiumAutomationFrameworkLogsemulator-5554_pixel_8 INFO ] 2024-07-23 23:22:31.955 BasePage:44 - Entering the pasword
[C:Usersarvineclipse-workspaceApppiumAutomationFrameworkLogsemulator-5554_pixel_8 INFO ] 2024-07-23 23:22:33.037 BasePage:37 - Clicking on Login Button
[C:Usersarvineclipse-workspaceApppiumAutomationFrameworkLogsemulator-5554_pixel_8 INFO ] 2024-07-23 23:22:34.885 BasePage:66 - Performing Assertion
[C:Usersarvineclipse-workspaceApppiumAutomationFrameworkLogsemulator-5554_pixel_8 INFO ] 2024-07-23 23:22:38.118 LoginTests:58 - *****************Starting validCredentials test**********************
[C:Usersarvineclipse-workspaceApppiumAutomationFrameworkLogsemulator-5554_pixel_8 INFO ] 2024-07-23 23:22:38.120 BasePage:44 - Entering the username
[C:Usersarvineclipse-workspaceApppiumAutomationFrameworkLogsemulator-5554_pixel_8 INFO ] 2024-07-23 23:22:39.421 BasePage:44 - Entering the pasword
[C:Usersarvineclipse-workspaceApppiumAutomationFrameworkLogsemulator-5554_pixel_8 INFO ] 2024-07-23 23:22:40.587 BasePage:37 - Clicking on Login Button
[C:Usersarvineclipse-workspaceApppiumAutomationFrameworkLogsemulator-5554_pixel_8 INFO ] 2024-07-23 23:22:43.390 BasePage:66 - Performing Assertion
[C:Usersarvineclipse-workspaceApppiumAutomationFrameworkLogsemulator-5554_pixel_8 INFO ] 2024-07-23 23:22:43.391 BasePage:37 - Clicking on Hamburger
[C:Usersarvineclipse-workspaceApppiumAutomationFrameworkLogsemulator-5554_pixel_8 INFO ] 2024-07-23 23:22:43.807 BasePage:37 - Clicking on Logout Button
[C:Usersarvineclipse-workspaceApppiumAutomationFrameworkLogsemulator-5554_pixel_8 INFO ] 2024-07-23 23:22:48.998 ProductTests:43 - *****************Starting validateProductonProductDetailsPage test**********************
[C:Usersarvineclipse-workspaceApppiumAutomationFrameworkLogsemulator-5554_pixel_8 INFO ] 2024-07-23 23:22:49.931 BasePage:66 - Performing Assertion
[C:Usersarvineclipse-workspaceApppiumAutomationFrameworkLogsemulator-5554_pixel_8 ERROR] 2024-07-23 23:23:11.596 ProductTests:51 - Test validateProductonProductDetailsPage failed
[C:Usersarvineclipse-workspaceApppiumAutomationFrameworkLogsemulator-5554_pixel_8 INFO ] 2024-07-23 23:23:15.101 ProductTests:24 - *****************Starting validateProductonProductsPage test**********************
[C:Usersarvineclipse-workspaceApppiumAutomationFrameworkLogsemulator-5554_pixel_8 INFO ] 2024-07-23 23:23:16.378 BasePage:66 - Performing Assertion
[C:Usersarvineclipse-workspaceApppiumAutomationFrameworkLogsemulator-5554_pixel_8 INFO ] 2024-07-23 23:23:17.084 BasePage:66 - Performing Assertion
[C:Usersarvineclipse-workspaceApppiumAutomationFrameworkLogsemulator-5554_pixel_8 INFO ] 2024-07-23 23:23:17.085 BasePage:37 - Clicking on Hamburger
[C:Usersarvineclipse-workspaceApppiumAutomationFrameworkLogsemulator-5554_pixel_8 INFO ] 2024-07-23 23:23:17.486 BasePage:37 - Clicking on Logout Button
[C:Usersarvineclipse-workspaceApppiumAutomationFrameworkLogsemulator-5554_pixel_8 INFO ] 2024-07-23 23:27:38.895 LoginTests:40 - *****************Starting invalidPassword test**********************
[C:Usersarvineclipse-workspaceApppiumAutomationFrameworkLogsemulator-5554_pixel_8 INFO ] 2024-07-23 23:27:38.905 LoginTests:40 - *****************Starting invalidPassword test**********************
[C:Usersarvineclipse-workspaceApppiumAutomationFrameworkLogsemulator-5554_pixel_8 INFO ] 2024-07-23 23:27:39.821 BasePage:44 - Entering the username
[C:Usersarvineclipse-workspaceApppiumAutomationFrameworkLogsemulator-5554_pixel_8 INFO ] 2024-07-23 23:27:39.821 BasePage:44 - Entering the username
[C:Usersarvineclipse-workspaceApppiumAutomationFrameworkLogsemulator-5554_pixel_8 INFO ] 2024-07-23 23:27:43.054 BasePage:44 - Entering the pasword
[C:Usersarvineclipse-workspaceApppiumAutomationFrameworkLogsemulator-5554_pixel_8 INFO ] 2024-07-23 23:27:43.097 BasePage:44 - Entering the pasword
[C:Usersarvineclipse-workspaceApppiumAutomationFrameworkLogsemulator-5554_pixel_8 INFO ] 2024-07-23 23:27:44.393 BasePage:37 - Clicking on Login Button
[C:Usersarvineclipse-workspaceApppiumAutomationFrameworkLogsemulator-5554_pixel_8 INFO ] 2024-07-23 23:27:44.403 BasePage:37 - Clicking on Login Button
[C:Usersarvineclipse-workspaceApppiumAutomationFrameworkLogsemulator-5554_pixel_8 INFO ] 2024-07-23 23:27:49.920 BasePage:66 - Performing Assertion
[C:Usersarvineclipse-workspaceApppiumAutomationFrameworkLogsemulator-5554_pixel_8 INFO ] 2024-07-23 23:27:49.977 BasePage:66 - Performing Assertion
[C:Usersarvineclipse-workspaceApppiumAutomationFrameworkLogsemulator-5554_pixel_8 INFO ] 2024-07-23 23:27:53.403 LoginTests:24 - *****************Starting invalidUsername test**********************
[C:Usersarvineclipse-workspaceApppiumAutomationFrameworkLogsemulator-5554_pixel_8 INFO ] 2024-07-23 23:27:53.408 BasePage:44 - Entering the username
[C:Usersarvineclipse-workspaceApppiumAutomationFrameworkLogsemulator-5554_pixel_8 INFO ] 2024-07-23 23:27:54.674 LoginTests:24 - *****************Starting invalidUsername test**********************
[C:Usersarvineclipse-workspaceApppiumAutomationFrameworkLogsemulator-5554_pixel_8 INFO ] 2024-07-23 23:27:54.679 BasePage:44 - Entering the username
[C:Usersarvineclipse-workspaceApppiumAutomationFrameworkLogsemulator-5554_pixel_8 INFO ] 2024-07-23 23:27:56.584 BasePage:44 - Entering the pasword
[C:Usersarvineclipse-workspaceApppiumAutomationFrameworkLogsemulator-5554_pixel_8 INFO ] 2024-07-23 23:27:56.984 BasePage:44 - Entering the pasword
[C:Usersarvineclipse-workspaceApppiumAutomationFrameworkLogsemulator-5554_pixel_8 INFO ] 2024-07-23 23:27:57.708 BasePage:37 - Clicking on Login Button
[C:Usersarvineclipse-workspaceApppiumAutomationFrameworkLogsemulator-5554_pixel_8 INFO ] 2024-07-23 23:27:57.770 BasePage:37 - Clicking on Login Button
[C:Usersarvineclipse-workspaceApppiumAutomationFrameworkLogsemulator-5554_pixel_8 INFO ] 2024-07-23 23:27:59.943 BasePage:66 - Performing Assertion
[C:Usersarvineclipse-workspaceApppiumAutomationFrameworkLogsemulator-5554_pixel_8 INFO ] 2024-07-23 23:28:00.274 BasePage:66 - Performing Assertion
[C:Usersarvineclipse-workspaceApppiumAutomationFrameworkLogsemulator-5554_pixel_8 INFO ] 2024-07-23 23:28:03.951 LoginTests:58 - *****************Starting validCredentials test**********************
[C:Usersarvineclipse-workspaceApppiumAutomationFrameworkLogsemulator-5554_pixel_8 INFO ] 2024-07-23 23:28:03.953 BasePage:44 - Entering the username
[C:Usersarvineclipse-workspaceApppiumAutomationFrameworkLogsemulator-5554_pixel_8 INFO ] 2024-07-23 23:28:04.543 LoginTests:58 - *****************Starting validCredentials test**********************
[C:Usersarvineclipse-workspaceApppiumAutomationFrameworkLogsemulator-5554_pixel_8 INFO ] 2024-07-23 23:28:04.549 BasePage:44 - Entering the username
[C:Usersarvineclipse-workspaceApppiumAutomationFrameworkLogsemulator-5554_pixel_8 INFO ] 2024-07-23 23:28:07.311 BasePage:44 - Entering the pasword
[C:Usersarvineclipse-workspaceApppiumAutomationFrameworkLogsemulator-5554_pixel_8 INFO ] 2024-07-23 23:28:07.417 BasePage:44 - Entering the pasword
[C:Usersarvineclipse-workspaceApppiumAutomationFrameworkLogsemulator-5554_pixel_8 INFO ] 2024-07-23 23:28:08.449 BasePage:37 - Clicking on Login Button
[C:Usersarvineclipse-workspaceApppiumAutomationFrameworkLogsemulator-5554_pixel_8 INFO ] 2024-07-23 23:28:08.554 BasePage:37 - Clicking on Login Button
[C:Usersarvineclipse-workspaceApppiumAutomationFrameworkLogsemulator-5554_pixel_8 INFO ] 2024-07-23 23:28:12.152 BasePage:66 - Performing Assertion
[C:Usersarvineclipse-workspaceApppiumAutomationFrameworkLogsemulator-5554_pixel_8 INFO ] 2024-07-23 23:28:12.154 BasePage:37 - Clicking on Hamburger
[C:Usersarvineclipse-workspaceApppiumAutomationFrameworkLogsemulator-5554_pixel_8 INFO ] 2024-07-23 23:28:12.203 BasePage:66 - Performing Assertion
[C:Usersarvineclipse-workspaceApppiumAutomationFrameworkLogsemulator-5554_pixel_8 INFO ] 2024-07-23 23:28:12.205 BasePage:37 - Clicking on Hamburger
[C:Usersarvineclipse-workspaceApppiumAutomationFrameworkLogsemulator-5554_pixel_8 INFO ] 2024-07-23 23:28:12.651 BasePage:37 - Clicking on Logout Button
[C:Usersarvineclipse-workspaceApppiumAutomationFrameworkLogsemulator-5554_pixel_8 INFO ] 2024-07-23 23:28:12.751 BasePage:37 - Clicking on Logout Button
[C:Usersarvineclipse-workspaceApppiumAutomationFrameworkLogsemulator-5554_pixel_8 INFO ] 2024-07-23 23:28:21.788 ProductTests:43 - *****************Starting validateProductonProductDetailsPage test**********************
[C:Usersarvineclipse-workspaceApppiumAutomationFrameworkLogsemulator-5554_pixel_8 INFO ] 2024-07-23 23:28:22.196 ProductTests:43 - *****************Starting validateProductonProductDetailsPage test**********************
[C:Usersarvineclipse-workspaceApppiumAutomationFrameworkLogsemulator-5554_pixel_8 INFO ] 2024-07-23 23:28:24.455 BasePage:66 - Performing Assertion
[C:Usersarvineclipse-workspaceApppiumAutomationFrameworkLogsemulator-5554_pixel_8 INFO ] 2024-07-23 23:28:24.784 BasePage:66 - Performing Assertion
[C:Usersarvineclipse-workspaceApppiumAutomationFrameworkLogsemulator-5554_pixel_8 ERROR] 2024-07-23 23:28:47.118 ProductTests:51 - Test validateProductonProductDetailsPage failed
[C:Usersarvineclipse-workspaceApppiumAutomationFrameworkLogsemulator-5554_pixel_8 ERROR] 2024-07-23 23:28:47.252 ProductTests:51 - Test validateProductonProductDetailsPage failed
[C:Usersarvineclipse-workspaceApppiumAutomationFrameworkLogsemulator-5554_pixel_8 INFO ] 2024-07-23 23:28:53.692 ProductTests:24 - *****************Starting validateProductonProductsPage test**********************
[C:Usersarvineclipse-workspaceApppiumAutomationFrameworkLogsemulator-5554_pixel_8 INFO ] 2024-07-23 23:28:53.879 ProductTests:24 - *****************Starting validateProductonProductsPage test**********************
[C:Usersarvineclipse-workspaceApppiumAutomationFrameworkLogsemulator-5554_pixel_8 INFO ] 2024-07-23 23:28:56.636 BasePage:66 - Performing Assertion
[C:Usersarvineclipse-workspaceApppiumAutomationFrameworkLogsemulator-5554_pixel_8 INFO ] 2024-07-23 23:28:56.759 BasePage:66 - Performing Assertion
[C:Usersarvineclipse-workspaceApppiumAutomationFrameworkLogsemulator-5554_pixel_8 INFO ] 2024-07-23 23:28:57.228 BasePage:66 - Performing Assertion
[C:Usersarvineclipse-workspaceApppiumAutomationFrameworkLogsemulator-5554_pixel_8 INFO ] 2024-07-23 23:28:57.229 BasePage:37 - Clicking on Hamburger
[C:Usersarvineclipse-workspaceApppiumAutomationFrameworkLogsemulator-5554_pixel_8 INFO ] 2024-07-23 23:28:57.344 BasePage:66 - Performing Assertion
[C:Usersarvineclipse-workspaceApppiumAutomationFrameworkLogsemulator-5554_pixel_8 INFO ] 2024-07-23 23:28:57.345 BasePage:37 - Clicking on Hamburger
[C:Usersarvineclipse-workspaceApppiumAutomationFrameworkLogsemulator-5554_pixel_8 INFO ] 2024-07-23 23:28:57.515 BasePage:37 - Clicking on Logout Button
[C:Usersarvineclipse-workspaceApppiumAutomationFrameworkLogsemulator-5554_pixel_8 INFO ] 2024-07-23 23:28:57.656 BasePage:37 - Clicking on Logout Button
[C:Usersarvineclipse-workspaceApppiumAutomationFrameworkLogsemulator-5554_pixel_8 INFO ] 2024-07-23 23:53:56.228 LoginTests:40 - *****************Starting invalidPassword test**********************
[C:Usersarvineclipse-workspaceApppiumAutomationFrameworkLogsemulator-5554_pixel_8 INFO ] 2024-07-23 23:53:56.462 LoginTests:40 - *****************Starting invalidPassword test**********************
[C:Usersarvineclipse-workspaceApppiumAutomationFrameworkLogsemulator-5554_pixel_8 INFO ] 2024-07-23 23:53:57.671 BasePage:44 - Entering the username
[C:Usersarvineclipse-workspaceApppiumAutomationFrameworkLogsemulator-5554_pixel_8 INFO ] 2024-07-23 23:53:57.671 BasePage:44 - Entering the username
[C:Usersarvineclipse-workspaceApppiumAutomationFrameworkLogsemulator-5554_pixel_8 INFO ] 2024-07-23 23:54:04.628 BasePage:44 - Entering the pasword
[C:Usersarvineclipse-workspaceApppiumAutomationFrameworkLogsemulator-5554_pixel_8 INFO ] 2024-07-23 23:54:05.475 BasePage:44 - Entering the pasword
[C:Usersarvineclipse-workspaceApppiumAutomationFrameworkLogsemulator-5554_pixel_8 INFO ] 2024-07-23 23:54:05.832 BasePage:37 - Clicking on Login Button
[C:Usersarvineclipse-workspaceApppiumAutomationFrameworkLogsemulator-5554_pixel_8 INFO ] 2024-07-23 23:54:06.561 BasePage:37 - Clicking on Login Button
[C:Usersarvineclipse-workspaceApppiumAutomationFrameworkLogsemulator-5554_pixel_8 INFO ] 2024-07-23 23:54:09.428 BasePage:66 - Performing Assertion
[C:Usersarvineclipse-workspaceApppiumAutomationFrameworkLogsemulator-5554_pixel_8 INFO ] 2024-07-23 23:54:10.956 BasePage:66 - Performing Assertion
[C:Usersarvineclipse-workspaceApppiumAutomationFrameworkLogsemulator-5554_pixel_8 INFO ] 2024-07-23 23:54:14.617 LoginTests:24 - *****************Starting invalidUsername test**********************
[C:Usersarvineclipse-workspaceApppiumAutomationFrameworkLogsemulator-5554_pixel_8 INFO ] 2024-07-23 23:54:14.623 BasePage:44 - Entering the username
[C:Usersarvineclipse-workspaceApppiumAutomationFrameworkLogsemulator-5554_pixel_8 INFO ] 2024-07-23 23:54:16.281 LoginTests:24 - *****************Starting invalidUsername test**********************
[C:Usersarvineclipse-workspaceApppiumAutomationFrameworkLogsemulator-5554_pixel_8 INFO ] 2024-07-23 23:54:16.287 BasePage:44 - Entering the username
[C:Usersarvineclipse-workspaceApppiumAutomationFrameworkLogsemulator-5554_pixel_8 INFO ] 2024-07-23 23:54:18.954 BasePage:44 - Entering the pasword
[C:Usersarvineclipse-workspaceApppiumAutomationFrameworkLogsemulator-5554_pixel_8 INFO ] 2024-07-23 23:54:20.145 BasePage:37 - Clicking on Login Button
[C:Usersarvineclipse-workspaceApppiumAutomationFrameworkLogsemulator-5554_pixel_8 INFO ] 2024-07-23 23:54:21.358 BasePage:44 - Entering the pasword
[C:Usersarvineclipse-workspaceApppiumAutomationFrameworkLogsemulator-5554_pixel_8 INFO ] 2024-07-23 23:54:22.101 BasePage:37 - Clicking on Login Button
[C:Usersarvineclipse-workspaceApppiumAutomationFrameworkLogsemulator-5554_pixel_8 INFO ] 2024-07-23 23:54:22.648 BasePage:66 - Performing Assertion
[C:Usersarvineclipse-workspaceApppiumAutomationFrameworkLogsemulator-5554_pixel_8 INFO ] 2024-07-23 23:54:25.078 BasePage:66 - Performing Assertion
[C:Usersarvineclipse-workspaceApppiumAutomationFrameworkLogsemulator-5554_pixel_8 INFO ] 2024-07-23 23:54:26.757 LoginTests:58 - *****************Starting validCredentials test**********************
[C:Usersarvineclipse-workspaceApppiumAutomationFrameworkLogsemulator-5554_pixel_8 INFO ] 2024-07-23 23:54:26.760 BasePage:44 - Entering the username
[C:Usersarvineclipse-workspaceApppiumAutomationFrameworkLogsemulator-5554_pixel_8 INFO ] 2024-07-23 23:54:30.071 LoginTests:58 - *****************Starting validCredentials test**********************
[C:Usersarvineclipse-workspaceApppiumAutomationFrameworkLogsemulator-5554_pixel_8 INFO ] 2024-07-23 23:54:30.073 BasePage:44 - Entering the username
[C:Usersarvineclipse-workspaceApppiumAutomationFrameworkLogsemulator-5554_pixel_8 INFO ] 2024-07-23 23:54:31.839 BasePage:44 - Entering the pasword
[C:Usersarvineclipse-workspaceApppiumAutomationFrameworkLogsemulator-5554_pixel_8 INFO ] 2024-07-23 23:54:32.255 BasePage:44 - Entering the pasword
[C:Usersarvineclipse-workspaceApppiumAutomationFrameworkLogsemulator-5554_pixel_8 INFO ] 2024-07-23 23:54:32.876 BasePage:37 - Clicking on Login Button
[C:Usersarvineclipse-workspaceApppiumAutomationFrameworkLogsemulator-5554_pixel_8 INFO ] 2024-07-23 23:54:33.418 BasePage:37 - Clicking on Login Button
[C:Usersarvineclipse-workspaceApppiumAutomationFrameworkLogsemulator-5554_pixel_8 INFO ] 2024-07-23 23:54:36.548 BasePage:66 - Performing Assertion
[C:Usersarvineclipse-workspaceApppiumAutomationFrameworkLogsemulator-5554_pixel_8 INFO ] 2024-07-23 23:54:36.550 BasePage:37 - Clicking on Hamburger
[C:Usersarvineclipse-workspaceApppiumAutomationFrameworkLogsemulator-5554_pixel_8 INFO ] 2024-07-23 23:54:37.226 BasePage:37 - Clicking on Logout Button
[C:Usersarvineclipse-workspaceApppiumAutomationFrameworkLogsemulator-5554_pixel_8 INFO ] 2024-07-23 23:54:37.662 BasePage:66 - Performing Assertion
[C:Usersarvineclipse-workspaceApppiumAutomationFrameworkLogsemulator-5554_pixel_8 INFO ] 2024-07-23 23:54:37.663 BasePage:37 - Clicking on Hamburger
[C:Usersarvineclipse-workspaceApppiumAutomationFrameworkLogsemulator-5554_pixel_8 INFO ] 2024-07-23 23:54:38.461 BasePage:37 - Clicking on Logout Button
[C:Usersarvineclipse-workspaceApppiumAutomationFrameworkLogsemulator-5554_pixel_8 INFO ] 2024-07-23 23:54:45.219 ProductTests:43 - *****************Starting validateProductonProductDetailsPage test**********************
[C:Usersarvineclipse-workspaceApppiumAutomationFrameworkLogsemulator-5554_pixel_8 INFO ] 2024-07-23 23:54:46.912 ProductTests:43 - *****************Starting validateProductonProductDetailsPage test**********************
[C:Usersarvineclipse-workspaceApppiumAutomationFrameworkLogsemulator-5554_pixel_8 INFO ] 2024-07-23 23:54:47.380 BasePage:66 - Performing Assertion
[C:Usersarvineclipse-workspaceApppiumAutomationFrameworkLogsemulator-5554_pixel_8 INFO ] 2024-07-23 23:54:49.437 BasePage:66 - Performing Assertion
[C:Usersarvineclipse-workspaceApppiumAutomationFrameworkLogsemulator-5554_pixel_8 ERROR] 2024-07-23 23:55:08.121 ProductTests:51 - Test validateProductonProductDetailsPage failed
[C:Usersarvineclipse-workspaceApppiumAutomationFrameworkLogsemulator-5554_pixel_8 ERROR] 2024-07-23 23:55:10.592 ProductTests:51 - Test validateProductonProductDetailsPage failed
[C:Usersarvineclipse-workspaceApppiumAutomationFrameworkLogsemulator-5554_pixel_8 INFO ] 2024-07-23 23:55:13.836 ProductTests:24 - *****************Starting validateProductonProductsPage test**********************
[C:Usersarvineclipse-workspaceApppiumAutomationFrameworkLogsemulator-5554_pixel_8 INFO ] 2024-07-23 23:55:16.740 BasePage:66 - Performing Assertion
[C:Usersarvineclipse-workspaceApppiumAutomationFrameworkLogsemulator-5554_pixel_8 INFO ] 2024-07-23 23:55:17.498 BasePage:66 - Performing Assertion
[C:Usersarvineclipse-workspaceApppiumAutomationFrameworkLogsemulator-5554_pixel_8 INFO ] 2024-07-23 23:55:17.499 BasePage:37 - Clicking on Hamburger
[C:Usersarvineclipse-workspaceApppiumAutomationFrameworkLogsemulator-5554_pixel_8 INFO ] 2024-07-23 23:55:17.804 BasePage:37 - Clicking on Logout Button
[C:Usersarvineclipse-workspaceApppiumAutomationFrameworkLogsemulator-5554_pixel_8 INFO ] 2024-07-23 23:55:18.019 ProductTests:24 - *****************Starting validateProductonProductsPage test**********************
[C:Usersarvineclipse-workspaceApppiumAutomationFrameworkLogsemulator-5554_pixel_8 INFO ] 2024-07-23 23:55:20.816 BasePage:66 - Performing Assertion
[C:Usersarvineclipse-workspaceApppiumAutomationFrameworkLogsemulator-5554_pixel_8 INFO ] 2024-07-23 23:55:21.823 BasePage:66 - Performing Assertion
[C:Usersarvineclipse-workspaceApppiumAutomationFrameworkLogsemulator-5554_pixel_8 INFO ] 2024-07-23 23:55:21.824 BasePage:37 - Clicking on Hamburger
[C:Usersarvineclipse-workspaceApppiumAutomationFrameworkLogsemulator-5554_pixel_8 INFO ] 2024-07-23 23:55:22.260 BasePage:37 - Clicking on Logout Button
