22:51:37.223 [TestNG-tests-1] INFO  com.saucelabs.utils.LoggerUtils - *****************Starting invalidPassword test**********************
22:51:38.717 [TestNG-tests-1] INFO  com.saucelabs.utils.LoggerUtils - Entering the 
22:51:41.044 [TestNG-tests-1] INFO  com.saucelabs.utils.LoggerUtils - Entering the 
22:51:41.649 [TestNG-tests-1] INFO  com.saucelabs.utils.LoggerUtils - Clicking on 
22:51:44.672 [TestNG-tests-1] INFO  com.saucelabs.utils.LoggerUtils - Performing Assertion
22:51:47.718 [TestNG-tests-1] INFO  com.saucelabs.utils.LoggerUtils - *****************Starting invalidUsername test**********************
22:51:47.721 [TestNG-tests-1] INFO  com.saucelabs.utils.LoggerUtils - Entering the 
22:51:50.171 [TestNG-tests-1] INFO  com.saucelabs.utils.LoggerUtils - Entering the 
22:51:51.270 [TestNG-tests-1] INFO  com.saucelabs.utils.LoggerUtils - Clicking on 
22:51:53.195 [TestNG-tests-1] INFO  com.saucelabs.utils.LoggerUtils - Performing Assertion
22:51:56.948 [TestNG-tests-1] INFO  com.saucelabs.utils.LoggerUtils - *****************Starting validCredentials test**********************
22:51:56.951 [TestNG-tests-1] INFO  com.saucelabs.utils.LoggerUtils - Entering the 
22:51:58.664 [TestNG-tests-1] INFO  com.saucelabs.utils.LoggerUtils - Entering the 
22:51:59.859 [TestNG-tests-1] INFO  com.saucelabs.utils.LoggerUtils - Clicking on 
22:52:02.191 [TestNG-tests-1] INFO  com.saucelabs.utils.LoggerUtils - Performing Assertion
22:52:02.191 [TestNG-tests-1] INFO  com.saucelabs.utils.LoggerUtils - Clicking on 
22:52:02.473 [TestNG-tests-1] INFO  com.saucelabs.utils.LoggerUtils - Clicking on 
22:52:07.636 [TestNG-tests-1] INFO  com.saucelabs.utils.LoggerUtils - *****************Starting validateProductonProductDetailsPage test**********************
22:52:07.639 [TestNG-tests-1] INFO  com.saucelabs.utils.LoggerUtils - Entering the 
22:52:10.490 [TestNG-tests-1] INFO  com.saucelabs.utils.LoggerUtils - Entering the 
22:52:11.574 [TestNG-tests-1] INFO  com.saucelabs.utils.LoggerUtils - Clicking on 
22:52:12.454 [TestNG-tests-1] INFO  com.saucelabs.utils.LoggerUtils - Clicking on 
22:52:15.066 [TestNG-tests-1] INFO  com.saucelabs.utils.LoggerUtils - Performing Assertion
22:52:15.287 [TestNG-tests-1] INFO  com.saucelabs.utils.LoggerUtils - Performing Assertion
22:52:15.288 [TestNG-tests-1] INFO  com.saucelabs.utils.LoggerUtils - Doing Scrolling for 
22:52:19.083 [TestNG-tests-1] INFO  com.saucelabs.utils.LoggerUtils - Performing Assertion
22:52:19.083 [TestNG-tests-1] INFO  com.saucelabs.utils.LoggerUtils - Clicking on 
22:52:19.386 [TestNG-tests-1] INFO  com.saucelabs.utils.LoggerUtils - Clicking on 
22:52:25.145 [TestNG-tests-1] INFO  com.saucelabs.utils.LoggerUtils - *****************Starting validateProductonProductsPage test**********************
22:52:25.148 [TestNG-tests-1] INFO  com.saucelabs.utils.LoggerUtils - Entering the 
22:52:26.630 [TestNG-tests-1] INFO  com.saucelabs.utils.LoggerUtils - Entering the 
22:52:27.757 [TestNG-tests-1] INFO  com.saucelabs.utils.LoggerUtils - Clicking on 
22:52:30.058 [TestNG-tests-1] INFO  com.saucelabs.utils.LoggerUtils - Performing Assertion
22:52:30.295 [TestNG-tests-1] INFO  com.saucelabs.utils.LoggerUtils - Performing Assertion
22:52:30.295 [TestNG-tests-1] INFO  com.saucelabs.utils.LoggerUtils - Clicking on 
22:52:30.646 [TestNG-tests-1] INFO  com.saucelabs.utils.LoggerUtils - Clicking on 
22:57:52.686 [TestNG-tests-1] INFO  com.saucelabs.utils.LoggerUtils - *****************Starting invalidPassword test**********************
22:57:53.718 [TestNG-tests-1] INFO  com.saucelabs.utils.LoggerUtils - Entering the 
22:57:56.760 [TestNG-tests-1] INFO  com.saucelabs.utils.LoggerUtils - Entering the 
22:57:57.863 [TestNG-tests-1] INFO  com.saucelabs.utils.LoggerUtils - Clicking on 
22:58:00.640 [TestNG-tests-1] INFO  com.saucelabs.utils.LoggerUtils - Performing Assertion
22:58:03.657 [TestNG-tests-1] INFO  com.saucelabs.utils.LoggerUtils - *****************Starting invalidUsername test**********************
22:58:03.660 [TestNG-tests-1] INFO  com.saucelabs.utils.LoggerUtils - Entering the 
22:58:05.836 [TestNG-tests-1] INFO  com.saucelabs.utils.LoggerUtils - Entering the 
22:58:06.988 [TestNG-tests-1] INFO  com.saucelabs.utils.LoggerUtils - Clicking on 
22:58:08.963 [TestNG-tests-1] INFO  com.saucelabs.utils.LoggerUtils - Performing Assertion
22:58:12.108 [TestNG-tests-1] INFO  com.saucelabs.utils.LoggerUtils - *****************Starting validCredentials test**********************
22:58:12.112 [TestNG-tests-1] INFO  com.saucelabs.utils.LoggerUtils - Entering the 
23:41:17.030 [TestNG-tests-1] INFO  com.saucelabs.tests.LoginTests - *****************Starting invalidPassword test**********************
23:41:18.257 [TestNG-tests-1] INFO  com.saucelabs.tests.LoginTests - Entering the 
23:41:21.444 [TestNG-tests-1] INFO  com.saucelabs.tests.LoginTests - Entering the 
23:41:22.539 [TestNG-tests-1] INFO  com.saucelabs.tests.LoginTests - Clicking on 
23:41:25.451 [TestNG-tests-1] INFO  com.saucelabs.tests.LoginTests - Performing Assertion
23:41:29.135 [TestNG-tests-1] INFO  com.saucelabs.tests.LoginTests - *****************Starting invalidUsername test**********************
23:41:29.138 [TestNG-tests-1] INFO  com.saucelabs.tests.LoginTests - Entering the 
23:41:32.355 [TestNG-tests-1] INFO  com.saucelabs.tests.LoginTests - Entering the 
23:41:33.439 [TestNG-tests-1] INFO  com.saucelabs.tests.LoginTests - Clicking on 
23:41:35.372 [TestNG-tests-1] INFO  com.saucelabs.tests.LoginTests - Performing Assertion
23:41:38.481 [TestNG-tests-1] INFO  com.saucelabs.tests.LoginTests - *****************Starting validCredentials test**********************
23:41:38.483 [TestNG-tests-1] INFO  com.saucelabs.tests.LoginTests - Entering the 
23:41:41.597 [TestNG-tests-1] INFO  com.saucelabs.tests.LoginTests - Entering the 
23:41:42.699 [TestNG-tests-1] INFO  com.saucelabs.tests.LoginTests - Clicking on 
23:41:44.901 [TestNG-tests-1] INFO  com.saucelabs.tests.LoginTests - Performing Assertion
23:41:44.901 [TestNG-tests-1] INFO  com.saucelabs.tests.LoginTests - Clicking on 
23:41:45.217 [TestNG-tests-1] INFO  com.saucelabs.tests.LoginTests - Clicking on 
23:41:51.115 [TestNG-tests-1] INFO  com.saucelabs.tests.ProductTests - *****************Starting validateProductonProductDetailsPage test**********************
23:41:51.117 [TestNG-tests-1] INFO  com.saucelabs.tests.ProductTests - Entering the 
23:41:52.708 [TestNG-tests-1] INFO  com.saucelabs.tests.ProductTests - Entering the 
23:41:53.887 [TestNG-tests-1] INFO  com.saucelabs.tests.ProductTests - Clicking on 
23:41:54.734 [TestNG-tests-1] INFO  com.saucelabs.tests.ProductTests - Clicking on 
23:41:57.337 [TestNG-tests-1] INFO  com.saucelabs.tests.ProductTests - Performing Assertion
23:41:57.505 [TestNG-tests-1] INFO  com.saucelabs.tests.ProductTests - Performing Assertion
23:41:57.505 [TestNG-tests-1] INFO  com.saucelabs.tests.ProductTests - Doing Scrolling for 
23:42:01.569 [TestNG-tests-1] INFO  com.saucelabs.tests.ProductTests - Performing Assertion
23:42:01.569 [TestNG-tests-1] INFO  com.saucelabs.tests.ProductTests - Clicking on 
23:42:01.904 [TestNG-tests-1] INFO  com.saucelabs.tests.ProductTests - Clicking on 
23:42:08.025 [TestNG-tests-1] INFO  com.saucelabs.tests.ProductTests - *****************Starting validateProductonProductsPage test**********************
23:42:08.027 [TestNG-tests-1] INFO  com.saucelabs.tests.ProductTests - Entering the 
23:42:09.644 [TestNG-tests-1] INFO  com.saucelabs.tests.ProductTests - Entering the 
23:42:11.067 [TestNG-tests-1] INFO  com.saucelabs.tests.ProductTests - Clicking on 
23:42:13.396 [TestNG-tests-1] INFO  com.saucelabs.tests.ProductTests - Performing Assertion
23:42:13.592 [TestNG-tests-1] INFO  com.saucelabs.tests.ProductTests - Performing Assertion
23:42:13.592 [TestNG-tests-1] INFO  com.saucelabs.tests.ProductTests - Clicking on 
23:42:13.924 [TestNG-tests-1] INFO  com.saucelabs.tests.ProductTests - Clicking on 
23:44:15.843 [TestNG-tests-1] INFO  com.saucelabs.tests.LoginTests - *****************Starting invalidPassword test**********************
23:44:16.904 [TestNG-tests-1] INFO  com.saucelabs.tests.LoginTests - Entering the 
23:44:20.065 [TestNG-tests-1] INFO  com.saucelabs.tests.LoginTests - Entering the 
23:44:21.151 [TestNG-tests-1] INFO  com.saucelabs.tests.LoginTests - Clicking on 
23:44:23.965 [TestNG-tests-1] INFO  com.saucelabs.tests.LoginTests - Performing Assertion
23:44:27.697 [TestNG-tests-1] INFO  com.saucelabs.tests.LoginTests - *****************Starting invalidUsername test**********************
23:44:27.699 [TestNG-tests-1] INFO  com.saucelabs.tests.LoginTests - Entering the 
23:44:29.423 [TestNG-tests-1] INFO  com.saucelabs.tests.LoginTests - Entering the 
23:44:30.600 [TestNG-tests-1] INFO  com.saucelabs.tests.LoginTests - Clicking on 
23:44:32.135 [TestNG-tests-1] INFO  com.saucelabs.tests.LoginTests - Performing Assertion
23:44:35.937 [TestNG-tests-1] INFO  com.saucelabs.tests.LoginTests - *****************Starting validCredentials test**********************
23:44:35.939 [TestNG-tests-1] INFO  com.saucelabs.tests.LoginTests - Entering the 
23:44:37.989 [TestNG-tests-1] INFO  com.saucelabs.tests.LoginTests - Entering the 
23:44:38.696 [TestNG-tests-1] INFO  com.saucelabs.tests.LoginTests - Clicking on 
23:44:41.167 [TestNG-tests-1] INFO  com.saucelabs.tests.LoginTests - Performing Assertion
23:44:41.167 [TestNG-tests-1] INFO  com.saucelabs.tests.LoginTests - Clicking on 
23:44:41.449 [TestNG-tests-1] INFO  com.saucelabs.tests.LoginTests - Clicking on 
23:44:46.763 [TestNG-tests-1] INFO  com.saucelabs.tests.ProductTests - *****************Starting validateProductonProductDetailsPage test**********************
23:44:46.764 [TestNG-tests-1] INFO  com.saucelabs.tests.ProductTests - Entering the 
23:44:49.107 [TestNG-tests-1] INFO  com.saucelabs.tests.ProductTests - Entering the 
23:44:50.353 [TestNG-tests-1] INFO  com.saucelabs.tests.ProductTests - Clicking on 
23:44:51.219 [TestNG-tests-1] INFO  com.saucelabs.tests.ProductTests - Clicking on 
23:44:53.812 [TestNG-tests-1] INFO  com.saucelabs.tests.ProductTests - Performing Assertion
23:44:53.989 [TestNG-tests-1] INFO  com.saucelabs.tests.ProductTests - Performing Assertion
23:44:53.990 [TestNG-tests-1] INFO  com.saucelabs.tests.ProductTests - Doing Scrolling for 
23:44:58.544 [TestNG-tests-1] INFO  com.saucelabs.tests.ProductTests - Performing Assertion
23:44:58.544 [TestNG-tests-1] INFO  com.saucelabs.tests.ProductTests - Clicking on 
23:44:58.841 [TestNG-tests-1] INFO  com.saucelabs.tests.ProductTests - Clicking on 
23:45:04.198 [TestNG-tests-1] INFO  com.saucelabs.tests.ProductTests - *****************Starting validateProductonProductsPage test**********************
23:45:04.199 [TestNG-tests-1] INFO  com.saucelabs.tests.ProductTests - Entering the 
23:45:06.490 [TestNG-tests-1] INFO  com.saucelabs.tests.ProductTests - Entering the 
23:45:07.579 [TestNG-tests-1] INFO  com.saucelabs.tests.ProductTests - Clicking on 
23:45:10.577 [TestNG-tests-1] INFO  com.saucelabs.tests.ProductTests - Performing Assertion
23:45:10.913 [TestNG-tests-1] INFO  com.saucelabs.tests.ProductTests - Performing Assertion
23:45:10.913 [TestNG-tests-1] INFO  com.saucelabs.tests.ProductTests - Clicking on 
23:45:11.275 [TestNG-tests-1] INFO  com.saucelabs.tests.ProductTests - Clicking on 
23:52:28.832 [TestNG-tests-1] INFO  com.saucelabs.tests.LoginTests - *****************Starting invalidPassword test**********************
23:52:30.058 [TestNG-tests-1] INFO  com.saucelabs.tests.LoginTests - Entering the 
23:52:33.873 [TestNG-tests-1] INFO  com.saucelabs.tests.LoginTests - Entering the 
23:52:34.934 [TestNG-tests-1] INFO  com.saucelabs.tests.LoginTests - Clicking on 
23:52:38.222 [TestNG-tests-1] INFO  com.saucelabs.tests.LoginTests - Performing Assertion
23:52:41.542 [TestNG-tests-1] INFO  com.saucelabs.tests.LoginTests - *****************Starting invalidUsername test**********************
23:52:41.545 [TestNG-tests-1] INFO  com.saucelabs.tests.LoginTests - Entering the 
23:52:44.464 [TestNG-tests-1] INFO  com.saucelabs.tests.LoginTests - Entering the 
23:52:45.558 [TestNG-tests-1] INFO  com.saucelabs.tests.LoginTests - Clicking on 
23:52:47.311 [TestNG-tests-1] INFO  com.saucelabs.tests.LoginTests - Performing Assertion
23:52:50.912 [TestNG-tests-1] INFO  com.saucelabs.tests.LoginTests - *****************Starting validCredentials test**********************
23:52:50.915 [TestNG-tests-1] INFO  com.saucelabs.tests.LoginTests - Entering the 
23:52:52.892 [TestNG-tests-1] INFO  com.saucelabs.tests.LoginTests - Entering the 
23:52:53.558 [TestNG-tests-1] INFO  com.saucelabs.tests.LoginTests - Clicking on 
23:52:55.808 [TestNG-tests-1] INFO  com.saucelabs.tests.LoginTests - Performing Assertion
23:52:55.809 [TestNG-tests-1] INFO  com.saucelabs.tests.LoginTests - Clicking on 
23:52:56.094 [TestNG-tests-1] INFO  com.saucelabs.tests.LoginTests - Clicking on 
23:53:01.461 [TestNG-tests-1] INFO  com.saucelabs.tests.ProductTests - *****************Starting validateProductonProductDetailsPage test**********************
23:53:01.464 [TestNG-tests-1] INFO  com.saucelabs.tests.ProductTests - Entering the 
23:53:04.020 [TestNG-tests-1] INFO  com.saucelabs.tests.ProductTests - Entering the 
23:53:05.139 [TestNG-tests-1] INFO  com.saucelabs.tests.ProductTests - Clicking on 
23:53:05.981 [TestNG-tests-1] INFO  com.saucelabs.tests.ProductTests - Clicking on 
23:53:08.644 [TestNG-tests-1] INFO  com.saucelabs.tests.ProductTests - Performing Assertion
23:53:08.819 [TestNG-tests-1] INFO  com.saucelabs.tests.ProductTests - Performing Assertion
23:53:08.819 [TestNG-tests-1] INFO  com.saucelabs.tests.ProductTests - Doing Scrolling for 
23:53:13.122 [TestNG-tests-1] INFO  com.saucelabs.tests.ProductTests - Performing Assertion
23:53:13.123 [TestNG-tests-1] INFO  com.saucelabs.tests.ProductTests - Clicking on 
23:53:13.439 [TestNG-tests-1] INFO  com.saucelabs.tests.ProductTests - Clicking on 
23:53:19.131 [TestNG-tests-1] INFO  com.saucelabs.tests.ProductTests - *****************Starting validateProductonProductsPage test**********************
23:53:19.132 [TestNG-tests-1] INFO  com.saucelabs.tests.ProductTests - Entering the 
23:53:20.930 [TestNG-tests-1] INFO  com.saucelabs.tests.ProductTests - Entering the 
23:53:22.078 [TestNG-tests-1] INFO  com.saucelabs.tests.ProductTests - Clicking on 
23:53:24.534 [TestNG-tests-1] INFO  com.saucelabs.tests.ProductTests - Performing Assertion
23:53:24.817 [TestNG-tests-1] INFO  com.saucelabs.tests.ProductTests - Performing Assertion
23:53:24.818 [TestNG-tests-1] INFO  com.saucelabs.tests.ProductTests - Clicking on 
23:53:25.271 [TestNG-tests-1] INFO  com.saucelabs.tests.ProductTests - Clicking on 
00:03:57.296 [TestNG-tests-1] INFO  com.saucelabs.tests.LoginTests - *****************Starting invalidPassword test**********************
00:03:58.261 [TestNG-tests-1] INFO  com.saucelabs.tests.LoginTests - Entering the username
00:04:01.869 [TestNG-tests-1] INFO  com.saucelabs.tests.LoginTests - Entering the pasword
00:04:02.477 [TestNG-tests-1] INFO  com.saucelabs.tests.LoginTests - Clicking on Login Button
00:04:05.196 [TestNG-tests-1] INFO  com.saucelabs.tests.LoginTests - Performing Assertion
00:04:08.428 [TestNG-tests-1] INFO  com.saucelabs.tests.LoginTests - *****************Starting invalidUsername test**********************
00:04:08.431 [TestNG-tests-1] INFO  com.saucelabs.tests.LoginTests - Entering the username
00:04:11.260 [TestNG-tests-1] INFO  com.saucelabs.tests.LoginTests - Entering the pasword
00:04:12.326 [TestNG-tests-1] INFO  com.saucelabs.tests.LoginTests - Clicking on Login Button
00:04:13.889 [TestNG-tests-1] INFO  com.saucelabs.tests.LoginTests - Performing Assertion
00:04:17.172 [TestNG-tests-1] INFO  com.saucelabs.tests.LoginTests - *****************Starting validCredentials test**********************
00:04:17.175 [TestNG-tests-1] INFO  com.saucelabs.tests.LoginTests - Entering the username
00:04:18.848 [TestNG-tests-1] INFO  com.saucelabs.tests.LoginTests - Entering the pasword
00:04:19.941 [TestNG-tests-1] INFO  com.saucelabs.tests.LoginTests - Clicking on Login Button
00:04:22.199 [TestNG-tests-1] INFO  com.saucelabs.tests.LoginTests - Performing Assertion
00:04:22.199 [TestNG-tests-1] INFO  com.saucelabs.tests.LoginTests - Clicking on Hamburger
00:04:22.449 [TestNG-tests-1] INFO  com.saucelabs.tests.LoginTests - Clicking on Logout Button
00:04:27.184 [TestNG-tests-1] INFO  com.saucelabs.tests.ProductTests - *****************Starting validateProductonProductDetailsPage test**********************
00:04:27.185 [TestNG-tests-1] INFO  com.saucelabs.tests.ProductTests - Entering the username
00:04:29.628 [TestNG-tests-1] INFO  com.saucelabs.tests.ProductTests - Entering the pasword
00:04:30.232 [TestNG-tests-1] INFO  com.saucelabs.tests.ProductTests - Clicking on Login Button
00:04:31.087 [TestNG-tests-1] INFO  com.saucelabs.tests.ProductTests - Clicking on Product
00:04:33.728 [TestNG-tests-1] INFO  com.saucelabs.tests.ProductTests - Performing Assertion
00:04:33.939 [TestNG-tests-1] INFO  com.saucelabs.tests.ProductTests - Performing Assertion
00:04:33.939 [TestNG-tests-1] INFO  com.saucelabs.tests.ProductTests - Doing Scrolling for Product Price
00:04:38.390 [TestNG-tests-1] INFO  com.saucelabs.tests.ProductTests - Performing Assertion
00:04:38.390 [TestNG-tests-1] INFO  com.saucelabs.tests.ProductTests - Clicking on Hamburger
00:04:38.716 [TestNG-tests-1] INFO  com.saucelabs.tests.ProductTests - Clicking on Logout Button
00:04:45.052 [TestNG-tests-1] INFO  com.saucelabs.tests.ProductTests - *****************Starting validateProductonProductsPage test**********************
00:04:45.053 [TestNG-tests-1] INFO  com.saucelabs.tests.ProductTests - Entering the username
00:04:47.301 [TestNG-tests-1] INFO  com.saucelabs.tests.ProductTests - Entering the pasword
00:04:47.943 [TestNG-tests-1] INFO  com.saucelabs.tests.ProductTests - Clicking on Login Button
00:04:50.274 [TestNG-tests-1] INFO  com.saucelabs.tests.ProductTests - Performing Assertion
00:04:50.463 [TestNG-tests-1] INFO  com.saucelabs.tests.ProductTests - Performing Assertion
00:04:50.463 [TestNG-tests-1] INFO  com.saucelabs.tests.ProductTests - Clicking on Hamburger
00:04:50.858 [TestNG-tests-1] INFO  com.saucelabs.tests.ProductTests - Clicking on Logout Button
00:06:07.800 [TestNG-tests-1] INFO  com.saucelabs.tests.LoginTests - *****************Starting invalidPassword test**********************
00:06:08.783 [TestNG-tests-1] INFO  com.saucelabs.tests.LoginTests - Entering the username
00:06:12.085 [TestNG-tests-1] INFO  com.saucelabs.tests.LoginTests - Entering the pasword
00:06:13.189 [TestNG-tests-1] INFO  com.saucelabs.tests.LoginTests - Clicking on Login Button
00:06:15.879 [TestNG-tests-1] INFO  com.saucelabs.tests.LoginTests - Performing Assertion
00:06:18.861 [TestNG-tests-1] INFO  com.saucelabs.tests.LoginTests - *****************Starting invalidUsername test**********************
00:06:18.866 [TestNG-tests-1] INFO  com.saucelabs.tests.LoginTests - Entering the username
00:06:21.131 [TestNG-tests-1] INFO  com.saucelabs.tests.LoginTests - Entering the pasword
00:06:21.831 [TestNG-tests-1] INFO  com.saucelabs.tests.LoginTests - Clicking on Login Button
00:06:23.421 [TestNG-tests-1] INFO  com.saucelabs.tests.LoginTests - Performing Assertion
00:06:26.979 [TestNG-tests-1] INFO  com.saucelabs.tests.LoginTests - *****************Starting validCredentials test**********************
00:06:26.981 [TestNG-tests-1] INFO  com.saucelabs.tests.LoginTests - Entering the username
00:06:29.103 [TestNG-tests-1] INFO  com.saucelabs.tests.LoginTests - Entering the pasword
00:06:30.235 [TestNG-tests-1] INFO  com.saucelabs.tests.LoginTests - Clicking on Login Button
00:06:32.515 [TestNG-tests-1] INFO  com.saucelabs.tests.LoginTests - Performing Assertion
00:06:32.516 [TestNG-tests-1] INFO  com.saucelabs.tests.LoginTests - Clicking on Hamburger
00:06:32.785 [TestNG-tests-1] INFO  com.saucelabs.tests.LoginTests - Clicking on Logout Button
00:06:38.140 [TestNG-tests-1] INFO  com.saucelabs.tests.ProductTests - *****************Starting validateProductonProductDetailsPage test**********************
00:06:38.141 [TestNG-tests-1] INFO  com.saucelabs.tests.ProductTests - Entering the username
00:06:39.720 [TestNG-tests-1] INFO  com.saucelabs.tests.ProductTests - Entering the pasword
00:06:40.426 [TestNG-tests-1] INFO  com.saucelabs.tests.ProductTests - Clicking on Login Button
00:06:41.317 [TestNG-tests-1] INFO  com.saucelabs.tests.ProductTests - Clicking on Product
00:06:44.139 [TestNG-tests-1] INFO  com.saucelabs.tests.ProductTests - Performing Assertion
00:06:44.325 [TestNG-tests-1] INFO  com.saucelabs.tests.ProductTests - Performing Assertion
00:06:44.325 [TestNG-tests-1] INFO  com.saucelabs.tests.ProductTests - Doing Scrolling for Product Price
00:06:48.272 [TestNG-tests-1] INFO  com.saucelabs.tests.ProductTests - Performing Assertion
00:06:48.272 [TestNG-tests-1] INFO  com.saucelabs.tests.ProductTests - Clicking on Hamburger
00:06:48.571 [TestNG-tests-1] INFO  com.saucelabs.tests.ProductTests - Clicking on Logout Button
00:06:54.571 [TestNG-tests-1] INFO  com.saucelabs.tests.ProductTests - *****************Starting validateProductonProductsPage test**********************
00:06:54.575 [TestNG-tests-1] INFO  com.saucelabs.tests.ProductTests - Entering the username
00:06:56.141 [TestNG-tests-1] INFO  com.saucelabs.tests.ProductTests - Entering the pasword
00:06:57.291 [TestNG-tests-1] INFO  com.saucelabs.tests.ProductTests - Clicking on Login Button
00:06:59.615 [TestNG-tests-1] INFO  com.saucelabs.tests.ProductTests - Performing Assertion
00:06:59.820 [TestNG-tests-1] INFO  com.saucelabs.tests.ProductTests - Performing Assertion
00:06:59.820 [TestNG-tests-1] INFO  com.saucelabs.tests.ProductTests - Clicking on Hamburger
00:07:00.282 [TestNG-tests-1] INFO  com.saucelabs.tests.ProductTests - Clicking on Logout Button
